1587733304.219314 client started (12007): version 3.0a, socket /tmp//tmux-0/default, protocol 8
1587733304.219367 on Linux 4.4.0-17763-Microsoft #864-Microsoft Thu Nov 07 15:22:00 PST 2019; libevent 2.1.11-stable (poll)
1587733304.219402 socket is /tmp//tmux-0/default
1587733304.219427 trying connect
1587733304.219465 connect failed: No such file or directory
1587733304.219486 lock file is /tmp//tmux-0/default.lock
1587733304.219816 flock succeeded
1587733304.219838 got lock (8)
1587733304.219856 trying connect
1587733304.219877 connect failed: No such file or directory
1587733304.222284 add peer 0x7ffff6fcfef0: 10 ((nil))
1587733304.222744 sending message 100 to peer 0x7ffff6fcfef0 (4 bytes)
1587733304.222757 sending message 101 to peer 0x7ffff6fcfef0 (7 bytes)
1587733304.222765 sending message 102 to peer 0x7ffff6fcfef0 (11 bytes)
1587733304.222772 sending message 108 to peer 0x7ffff6fcfef0 (25 bytes)
1587733304.222782 sending message 104 to peer 0x7ffff6fcfef0 (0 bytes)
1587733304.222789 sending message 107 to peer 0x7ffff6fcfef0 (4 bytes)
1587733304.222796 sending message 105 to peer 0x7ffff6fcfef0 (17 bytes)
1587733304.222803 sending message 105 to peer 0x7ffff6fcfef0 (1506 bytes)
1587733304.222813 sending message 105 to peer 0x7ffff6fcfef0 (66 bytes)
1587733304.222821 sending message 105 to peer 0x7ffff6fcfef0 (12 bytes)
1587733304.222828 sending message 105 to peer 0x7ffff6fcfef0 (20 bytes)
1587733304.222835 sending message 105 to peer 0x7ffff6fcfef0 (13 bytes)
1587733304.222842 sending message 105 to peer 0x7ffff6fcfef0 (10 bytes)
1587733304.222849 sending message 105 to peer 0x7ffff6fcfef0 (11 bytes)
1587733304.222856 sending message 105 to peer 0x7ffff6fcfef0 (19 bytes)
1587733304.222862 sending message 105 to peer 0x7ffff6fcfef0 (25 bytes)
1587733304.222876 sending message 105 to peer 0x7ffff6fcfef0 (15 bytes)
1587733304.222883 sending message 105 to peer 0x7ffff6fcfef0 (14 bytes)
1587733304.222890 sending message 105 to peer 0x7ffff6fcfef0 (14 bytes)
1587733304.222897 sending message 105 to peer 0x7ffff6fcfef0 (23 bytes)
1587733304.222906 sending message 105 to peer 0x7ffff6fcfef0 (12 bytes)
1587733304.222913 sending message 105 to peer 0x7ffff6fcfef0 (8 bytes)
1587733304.222920 sending message 105 to peer 0x7ffff6fcfef0 (29 bytes)
1587733304.222927 sending message 105 to peer 0x7ffff6fcfef0 (18 bytes)
1587733304.222933 sending message 105 to peer 0x7ffff6fcfef0 (21 bytes)
1587733304.222940 sending message 105 to peer 0x7ffff6fcfef0 (11 bytes)
1587733304.222947 sending message 105 to peer 0x7ffff6fcfef0 (8 bytes)
1587733304.222954 sending message 105 to peer 0x7ffff6fcfef0 (32 bytes)
1587733304.222960 sending message 105 to peer 0x7ffff6fcfef0 (45 bytes)
1587733304.222967 sending message 105 to peer 0x7ffff6fcfef0 (16 bytes)
1587733304.222974 sending message 106 to peer 0x7ffff6fcfef0 (0 bytes)
1587733304.222982 sending message 200 to peer 0x7ffff6fcfef0 (4 bytes)
1587733304.222989 client loop enter
1587733304.305795 peer 0x7ffff6fcfef0 message 207
1587733304.305820 sending message 208 to peer 0x7ffff6fcfef0 (0 bytes)
1587733529.479969 peer 0x7ffff6fcfef0 message 203
1587733529.479992 sending message 205 to peer 0x7ffff6fcfef0 (0 bytes)
1587733529.480609 peer 0x7ffff6fcfef0 message 204
1587733529.480630 client loop exit
